<?xml version="1.0" encoding="UTF-8"?>
<!-- Generated by org.testng.reporters.JUnitReportReporter -->
<testsuite hostname="DESKTOP-DJ7K8IQ" failures="0" tests="3" name="Testcases.RegisterPageTestcases" time="9.261" errors="0" timestamp="2022-11-20T12:32:59 IST" skipped="0">
  <testcase classname="Testcases.RegisterPageTestcases" name="Tc_001" time="0.395"/>
  <system-out/>
  <testcase classname="Testcases.RegisterPageTestcases" name="Tc_002" time="2.758"/>
  <system-out/>
  <testcase classname="Testcases.RegisterPageTestcases" name="Tc_003" time="6.108"/>
  <system-out/>
</testsuite> <!-- Testcases.RegisterPageTestcases -->
